<?xml version="1.0" encoding="UTF-8"?>
<!-- Generated by org.testng.reporters.JUnitReportReporter -->
<testsuite hostname="DESKTOP-GS8T6SP" failures="0" tests="2" name="hust.cs.javacourse.search.parse.ScannerFilterAllInOneTest" time="0.015" errors="0" timestamp="06 5æœˆ 2021 16:03:05 GMT" skipped="0">
  <testcase classname="hust.cs.javacourse.search.parse.ScannerFilterAllInOneTest" name="testNext" time="0.000"/>
  <testcase classname="hust.cs.javacourse.search.parse.ScannerFilterAllInOneTest" name="testNext" time="0.015"/>
</testsuite> <!-- hust.cs.javacourse.search.parse.ScannerFilterAllInOneTest -->
